<?xml version="1.0" encoding="UTF-8"?>
<coverage generated="1745538407361" clover="3.2.0">
  <project timestamp="1745538407361" name="All files">
    <metrics statements="27" coveredstatements="27" conditionals="20" coveredconditionals="11" methods="7" coveredmethods="7" elements="54" coveredelements="45" complexity="0" loc="27" ncloc="27" packages="2" files="7" classes="7"/>
    <package name="store">
      <metrics statements="9" coveredstatements="9" conditionals="6" coveredconditionals="3" methods="1" coveredmethods="1"/>
      <file name="featureStore.ts" path="/Users/yannvallery-radot/dev/yannvr/hyper/alpha-drift/src/store/featureStore.ts">
        <metrics statements="9" coveredstatements="9" conditionals="6" coveredconditionals="3" methods="1" coveredmethods="1"/>
        <line num="2" count="1" type="stmt"/>
        <line num="3" count="1" type="stmt"/>
        <line num="5" count="1" type="stmt"/>
        <line num="7" count="1" type="stmt"/>
        <line num="11" count="1" type="stmt"/>
        <line num="13" count="1" type="stmt"/>
        <line num="23" count="1" type="stmt"/>
        <line num="31" count="1" type="stmt"/>
        <line num="35" count="1" type="stmt"/>
      </file>
    </package>
    <package name="strategy">
      <metrics statements="18" coveredstatements="18" conditionals="14" coveredconditionals="8" methods="6" coveredmethods="6"/>
      <file name="arb.ts" path="/Users/yannvallery-radot/dev/yannvr/hyper/alpha-drift/src/strategy/arb.ts">
        <metrics statements="3" coveredstatements="3" conditionals="2" coveredconditionals="1" methods="1" coveredmethods="1"/>
        <line num="3" count="1" type="stmt"/>
        <line num="6" count="1" type="cond" truecount="1" falsecount="1"/>
        <line num="10" count="1" type="stmt"/>
      </file>
      <file name="funding.ts" path="/Users/yannvallery-radot/dev/yannvr/hyper/alpha-drift/src/strategy/funding.ts">
        <metrics statements="3" coveredstatements="3" conditionals="2" coveredconditionals="1" methods="1" coveredmethods="1"/>
        <line num="3" count="1" type="stmt"/>
        <line num="6" count="1" type="cond" truecount="1" falsecount="1"/>
        <line num="10" count="1" type="stmt"/>
      </file>
      <file name="idleRestake.ts" path="/Users/yannvallery-radot/dev/yannvr/hyper/alpha-drift/src/strategy/idleRestake.ts">
        <metrics statements="3" coveredstatements="3" conditionals="0" coveredconditionals="0" methods="1" coveredmethods="1"/>
        <line num="3" count="1" type="stmt"/>
        <line num="6" count="1" type="stmt"/>
        <line num="10" count="1" type="stmt"/>
      </file>
      <file name="meanRev.ts" path="/Users/yannvallery-radot/dev/yannvr/hyper/alpha-drift/src/strategy/meanRev.ts">
        <metrics statements="3" coveredstatements="3" conditionals="4" coveredconditionals="2" methods="1" coveredmethods="1"/>
        <line num="3" count="1" type="stmt"/>
        <line num="6" count="1" type="cond" truecount="2" falsecount="2"/>
        <line num="10" count="1" type="stmt"/>
      </file>
      <file name="momentum.ts" path="/Users/yannvallery-radot/dev/yannvr/hyper/alpha-drift/src/strategy/momentum.ts">
        <metrics statements="3" coveredstatements="3" conditionals="4" coveredconditionals="2" methods="1" coveredmethods="1"/>
        <line num="3" count="1" type="stmt"/>
        <line num="6" count="1" type="cond" truecount="2" falsecount="2"/>
        <line num="10" count="1" type="stmt"/>
      </file>
      <file name="positionSizer.ts" path="/Users/yannvallery-radot/dev/yannvr/hyper/alpha-drift/src/strategy/positionSizer.ts">
        <metrics statements="3" coveredstatements="3" conditionals="2" coveredconditionals="2" methods="1" coveredmethods="1"/>
        <line num="3" count="1" type="stmt"/>
        <line num="6" count="2" type="cond" truecount="2" falsecount="0"/>
        <line num="10" count="1" type="stmt"/>
      </file>
    </package>
  </project>
</coverage>
