{"/Users/yannvallery-radot/dev/yannvr/hyper/alpha-drift/src/store/featureStore.ts": {"path":"/Users/yannvallery-radot/dev/yannvr/hyper/alpha-drift/src/store/featureStore.ts","statementMap":{"0":{"start":{"line":2,"column":0},"end":{"line":2,"column":26}},"1":{"start":{"line":3,"column":0},"end":{"line":3,"column":28}},"2":{"start":{"line":5,"column":0},"end":{"line":5,"column":16}},"3":{"start":{"line":7,"column":13},"end":{"line":9,"column":2}},"4":{"start":{"line":13,"column":18},"end":{"line":22,"column":6}},"5":{"start":{"line":23,"column":19},"end":{"line":30,"column":6}},"6":{"start":{"line":31,"column":4},"end":{"line":31,"column":36}},"7":{"start":{"line":11,"column":0},"end":{"line":11,"column":13}},"8":{"start":{"line":35,"column":0},"end":{"line":35,"column":31}}},"fnMap":{"0":{"name":"(anonymous_5)","decl":{"start":{"line":12,"column":2},"end":{"line":12,"column":7}},"loc":{"start":{"line":12,"column":39},"end":{"line":32,"column":3}}}},"branchMap":{"0":{"loc":{"start":{"line":27,"column":6},"end":{"line":27,"column":30}},"type":"binary-expr","locations":[{"start":{"line":27,"column":6},"end":{"line":27,"column":22}},{"start":{"line":27,"column":26},"end":{"line":27,"column":30}}]},"1":{"loc":{"start":{"line":28,"column":6},"end":{"line":28,"column":24}},"type":"binary-expr","locations":[{"start":{"line":28,"column":6},"end":{"line":28,"column":16}},{"start":{"line":28,"column":20},"end":{"line":28,"column":24}}]},"2":{"loc":{"start":{"line":29,"column":6},"end":{"line":29,"column":29}},"type":"binary-expr","locations":[{"start":{"line":29,"column":6},"end":{"line":29,"column":21}},{"start":{"line":29,"column":25},"end":{"line":29,"column":29}}]}},"s":{"0":1,"1":1,"2":1,"3":1,"4":1,"5":1,"6":1,"7":1,"8":1},"f":{"0":1},"b":{"0":[1,0],"1":[1,0],"2":[1,0]}}
,"/Users/yannvallery-radot/dev/yannvr/hyper/alpha-drift/src/strategy/arb.ts": {"path":"/Users/yannvallery-radot/dev/yannvr/hyper/alpha-drift/src/strategy/arb.ts","statementMap":{"0":{"start":{"line":6,"column":4},"end":{"line":6,"column":36}},"1":{"start":{"line":3,"column":0},"end":{"line":3,"column":13}},"2":{"start":{"line":10,"column":0},"end":{"line":10,"column":22}}},"fnMap":{"0":{"name":"(anonymous_4)","decl":{"start":{"line":4,"column":2},"end":{"line":4,"column":7}},"loc":{"start":{"line":4,"column":29},"end":{"line":7,"column":3}}}},"branchMap":{"0":{"loc":{"start":{"line":6,"column":12},"end":{"line":6,"column":27}},"type":"binary-expr","locations":[{"start":{"line":6,"column":12},"end":{"line":6,"column":22}},{"start":{"line":6,"column":26},"end":{"line":6,"column":27}}]}},"s":{"0":1,"1":1,"2":1},"f":{"0":1},"b":{"0":[1,0]}}
,"/Users/yannvallery-radot/dev/yannvr/hyper/alpha-drift/src/strategy/funding.ts": {"path":"/Users/yannvallery-radot/dev/yannvr/hyper/alpha-drift/src/strategy/funding.ts","statementMap":{"0":{"start":{"line":6,"column":4},"end":{"line":6,"column":40}},"1":{"start":{"line":3,"column":0},"end":{"line":3,"column":13}},"2":{"start":{"line":10,"column":0},"end":{"line":10,"column":26}}},"fnMap":{"0":{"name":"(anonymous_4)","decl":{"start":{"line":4,"column":2},"end":{"line":4,"column":7}},"loc":{"start":{"line":4,"column":29},"end":{"line":7,"column":3}}}},"branchMap":{"0":{"loc":{"start":{"line":6,"column":12},"end":{"line":6,"column":33}},"type":"binary-expr","locations":[{"start":{"line":6,"column":12},"end":{"line":6,"column":28}},{"start":{"line":6,"column":32},"end":{"line":6,"column":33}}]}},"s":{"0":1,"1":1,"2":1},"f":{"0":1},"b":{"0":[1,0]}}
,"/Users/yannvallery-radot/dev/yannvr/hyper/alpha-drift/src/strategy/idleRestake.ts": {"path":"/Users/yannvallery-radot/dev/yannvr/hyper/alpha-drift/src/strategy/idleRestake.ts","statementMap":{"0":{"start":{"line":6,"column":4},"end":{"line":6,"column":33}},"1":{"start":{"line":3,"column":0},"end":{"line":3,"column":13}},"2":{"start":{"line":10,"column":0},"end":{"line":10,"column":30}}},"fnMap":{"0":{"name":"(anonymous_4)","decl":{"start":{"line":4,"column":2},"end":{"line":4,"column":9}},"loc":{"start":{"line":4,"column":31},"end":{"line":7,"column":3}}}},"branchMap":{},"s":{"0":1,"1":1,"2":1},"f":{"0":1},"b":{}}
,"/Users/yannvallery-radot/dev/yannvr/hyper/alpha-drift/src/strategy/meanRev.ts": {"path":"/Users/yannvallery-radot/dev/yannvr/hyper/alpha-drift/src/strategy/meanRev.ts","statementMap":{"0":{"start":{"line":6,"column":4},"end":{"line":6,"column":53}},"1":{"start":{"line":3,"column":0},"end":{"line":3,"column":13}},"2":{"start":{"line":10,"column":0},"end":{"line":10,"column":26}}},"fnMap":{"0":{"name":"(anonymous_4)","decl":{"start":{"line":4,"column":2},"end":{"line":4,"column":7}},"loc":{"start":{"line":4,"column":29},"end":{"line":7,"column":3}}}},"branchMap":{"0":{"loc":{"start":{"line":6,"column":12},"end":{"line":6,"column":29}},"type":"binary-expr","locations":[{"start":{"line":6,"column":12},"end":{"line":6,"column":24}},{"start":{"line":6,"column":28},"end":{"line":6,"column":29}}]},"1":{"loc":{"start":{"line":6,"column":34},"end":{"line":6,"column":51}},"type":"binary-expr","locations":[{"start":{"line":6,"column":34},"end":{"line":6,"column":46}},{"start":{"line":6,"column":50},"end":{"line":6,"column":51}}]}},"s":{"0":1,"1":1,"2":1},"f":{"0":1},"b":{"0":[1,0],"1":[1,0]}}
,"/Users/yannvallery-radot/dev/yannvr/hyper/alpha-drift/src/strategy/momentum.ts": {"path":"/Users/yannvallery-radot/dev/yannvr/hyper/alpha-drift/src/strategy/momentum.ts","statementMap":{"0":{"start":{"line":6,"column":4},"end":{"line":6,"column":53}},"1":{"start":{"line":3,"column":0},"end":{"line":3,"column":13}},"2":{"start":{"line":10,"column":0},"end":{"line":10,"column":27}}},"fnMap":{"0":{"name":"(anonymous_4)","decl":{"start":{"line":4,"column":2},"end":{"line":4,"column":7}},"loc":{"start":{"line":4,"column":29},"end":{"line":7,"column":3}}}},"branchMap":{"0":{"loc":{"start":{"line":6,"column":12},"end":{"line":6,"column":29}},"type":"binary-expr","locations":[{"start":{"line":6,"column":12},"end":{"line":6,"column":24}},{"start":{"line":6,"column":28},"end":{"line":6,"column":29}}]},"1":{"loc":{"start":{"line":6,"column":34},"end":{"line":6,"column":51}},"type":"binary-expr","locations":[{"start":{"line":6,"column":34},"end":{"line":6,"column":46}},{"start":{"line":6,"column":50},"end":{"line":6,"column":51}}]}},"s":{"0":1,"1":1,"2":1},"f":{"0":1},"b":{"0":[1,0],"1":[1,0]}}
,"/Users/yannvallery-radot/dev/yannvr/hyper/alpha-drift/src/strategy/positionSizer.ts": {"path":"/Users/yannvallery-radot/dev/yannvr/hyper/alpha-drift/src/strategy/positionSizer.ts","statementMap":{"0":{"start":{"line":6,"column":4},"end":{"line":6,"column":54}},"1":{"start":{"line":3,"column":0},"end":{"line":3,"column":13}},"2":{"start":{"line":10,"column":0},"end":{"line":10,"column":32}}},"fnMap":{"0":{"name":"(anonymous_4)","decl":{"start":{"line":4,"column":2},"end":{"line":4,"column":6}},"loc":{"start":{"line":4,"column":28},"end":{"line":7,"column":3}}}},"branchMap":{"0":{"loc":{"start":{"line":6,"column":24},"end":{"line":6,"column":43}},"type":"binary-expr","locations":[{"start":{"line":6,"column":24},"end":{"line":6,"column":34}},{"start":{"line":6,"column":38},"end":{"line":6,"column":43}}]}},"s":{"0":2,"1":1,"2":1},"f":{"0":2},"b":{"0":[2,1]}}
}
