TN:
SF:src/store/featureStore.ts
FN:12,(anonymous_5)
FNF:1
FNH:1
FNDA:1,(anonymous_5)
DA:2,1
DA:3,1
DA:5,1
DA:7,1
DA:11,1
DA:13,1
DA:23,1
DA:31,1
DA:35,1
LF:9
LH:9
BRDA:27,0,0,1
BRDA:27,0,1,0
BRDA:28,1,0,1
BRDA:28,1,1,0
BRDA:29,2,0,1
BRDA:29,2,1,0
BRF:6
BRH:3
end_of_record
TN:
SF:src/strategy/arb.ts
FN:4,(anonymous_4)
FNF:1
FNH:1
FNDA:1,(anonymous_4)
DA:3,1
DA:6,1
DA:10,1
LF:3
LH:3
BRDA:6,0,0,1
BRDA:6,0,1,0
BRF:2
BRH:1
end_of_record
TN:
SF:src/strategy/funding.ts
FN:4,(anonymous_4)
FNF:1
FNH:1
FNDA:1,(anonymous_4)
DA:3,1
DA:6,1
DA:10,1
LF:3
LH:3
BRDA:6,0,0,1
BRDA:6,0,1,0
BRF:2
BRH:1
end_of_record
TN:
SF:src/strategy/idleRestake.ts
FN:4,(anonymous_4)
FNF:1
FNH:1
FNDA:1,(anonymous_4)
DA:3,1
DA:6,1
DA:10,1
LF:3
LH:3
BRF:0
BRH:0
end_of_record
TN:
SF:src/strategy/meanRev.ts
FN:4,(anonymous_4)
FNF:1
FNH:1
FNDA:1,(anonymous_4)
DA:3,1
DA:6,1
DA:10,1
LF:3
LH:3
BRDA:6,0,0,1
BRDA:6,0,1,0
BRDA:6,1,0,1
BRDA:6,1,1,0
BRF:4
BRH:2
end_of_record
TN:
SF:src/strategy/momentum.ts
FN:4,(anonymous_4)
FNF:1
FNH:1
FNDA:1,(anonymous_4)
DA:3,1
DA:6,1
DA:10,1
LF:3
LH:3
BRDA:6,0,0,1
BRDA:6,0,1,0
BRDA:6,1,0,1
BRDA:6,1,1,0
BRF:4
BRH:2
end_of_record
TN:
SF:src/strategy/positionSizer.ts
FN:4,(anonymous_4)
FNF:1
FNH:1
FNDA:2,(anonymous_4)
DA:3,1
DA:6,2
DA:10,1
LF:3
LH:3
BRDA:6,0,0,2
BRDA:6,0,1,1
BRF:2
BRH:2
end_of_record
